build/outputs/logs/manifest-merger-debug-report.txt
-- Merging decision tree log ---
manifest
ADDED from AndroidManifest.xml:2:1
	package
		ADDED from AndroidManifest.xml:3:5
	android:versionName
		ADDED from AndroidManifest.xml:5:5
	android:versionCode
		ADDED from AndroidManifest.xml:4:5
		INJECTED from AndroidManifest.xml:0:0
		INJECTED from AndroidManifest.xml:0:0
	xmlns:android
		ADDED from AndroidManifest.xml:2:11
uses-sdk
ADDED from AndroidManifest.xml:7:5
	android:targetSdkVersion
		ADDED from AndroidManifest.xml:9:9
	android:minSdkVersion
		ADDED from AndroidManifest.xml:8:9
uses-permission#android.permission.WRITE_EXTERNAL_STORAGE
ADDED from AndroidManifest.xml:11:5
	android:name
		ADDED from AndroidManifest.xml:11:22
uses-permission#android.permission.INTERNET
ADDED from AndroidManifest.xml:12:2
	android:name
		ADDED from AndroidManifest.xml:12:19
uses-permission#android.permission.ACCESS_NETWORK_STATE
ADDED from AndroidManifest.xml:13:5
	android:name
		ADDED from AndroidManifest.xml:13:22
uses-permission#android.permission.ACCESS_WIFI_STATE
ADDED from AndroidManifest.xml:14:5
	android:name
		ADDED from AndroidManifest.xml:14:22
uses-permission#android.permission.READ_PHONE_STATE
ADDED from AndroidManifest.xml:15:5
	android:name
		ADDED from AndroidManifest.xml:15:22
uses-permission#android.permission.GET_TASKS
ADDED from AndroidManifest.xml:16:5
	android:name
		ADDED from AndroidManifest.xml:16:22
meta-data#APP_ID
ADDED from AndroidManifest.xml:18:5
	android:value
		ADDED from AndroidManifest.xml:18:38
	android:name
		ADDED from AndroidManifest.xml:18:16
meta-data#APP_PID
ADDED from AndroidManifest.xml:19:2
	android:value
		ADDED from AndroidManifest.xml:19:36
	android:name
		ADDED from AndroidManifest.xml:19:13
application
ADDED from AndroidManifest.xml:21:5
	android:label
		ADDED from AndroidManifest.xml:24:9
	android:allowBackup
		ADDED from AndroidManifest.xml:22:9
	android:icon
		ADDED from AndroidManifest.xml:23:9
activity#com.english.activity.WelcomeActivity
ADDED from AndroidManifest.xml:25:9
	android:label
		ADDED from AndroidManifest.xml:27:13
	android:name
		ADDED from AndroidManifest.xml:26:13
intent-filter#android.intent.action.MAIN+android.intent.category.LAUNCHER
ADDED from AndroidManifest.xml:28:13
action#android.intent.action.MAIN
ADDED from AndroidManifest.xml:29:17
	android:name
		ADDED from AndroidManifest.xml:29:25
category#android.intent.category.LAUNCHER
ADDED from AndroidManifest.xml:30:17
	android:name
		ADDED from AndroidManifest.xml:30:27
activity#com.english.activity.MainActivity
ADDED from AndroidManifest.xml:34:9
	android:name
		ADDED from AndroidManifest.xml:35:14
activity#com.english.activity.WordsDetailActivity
ADDED from AndroidManifest.xml:36:8
	android:name
		ADDED from AndroidManifest.xml:37:14
activity#com.english.activity.WordExampleDetailActivity
ADDED from AndroidManifest.xml:38:8
	android:name
		ADDED from AndroidManifest.xml:39:14
activity#com.english.activity.WordsKnownOrNotActivity
ADDED from AndroidManifest.xml:40:8
	android:name
		ADDED from AndroidManifest.xml:41:14
activity#com.english.activity.UnknownWordActivity
ADDED from AndroidManifest.xml:42:8
	android:launchMode
		ADDED from AndroidManifest.xml:44:9
	android:name
		ADDED from AndroidManifest.xml:43:9
activity#com.english.activity.UnknownWordDetailActivity
ADDED from AndroidManifest.xml:45:5
	android:name
		ADDED from AndroidManifest.xml:46:9
activity#com.english.activity.SearchActivity
ADDED from AndroidManifest.xml:47:8
	android:name
		ADDED from AndroidManifest.xml:48:9
activity#com.english.activity.SearchDetailActivity
ADDED from AndroidManifest.xml:49:5
	android:name
		ADDED from AndroidManifest.xml:50:9
activity#com.english.activity.HelpAndTipActivity
ADDED from AndroidManifest.xml:52:5
	android:name
		ADDED from AndroidManifest.xml:53:9